生成启动时间为 2019/12/7 14:42:13。
     1>项目“F:\ADAS算法\cal_distance-工程\cal_distance\SingleCalibration\SingleCalibration.vcxproj”在节点 2 上(Build 个目标)。
     1>ClCompile:
         F:\Program Files (x86)\Microsoft Visual Studio 12.0\VC\bin\CL.exe /c /I../opencv_include/opencv /I../opencv_include/opencv2 /I../opencv_include/ /I../include /ZI /nologo /W3 /WX- /sdl /Od /Oy- /D _CRT_SECURE_NO_WARNINGS /D _MBCS /Gm /EHsc /RTC1 /MDd /GS /fp:precise /Zc:wchar_t /Zc:forScope /Fo"Debug\\" /Fd"Debug\vc120.pdb" /Gd /TP /analyze- /errorReport:prompt ..\src\CNEllipseDetector.cpp ..\src\common.cpp ..\src\ImgaeProcessResult.cpp ..\src\main.cpp ..\src\tools.cpp
         tools.cpp
     1>f:\adas算法\cal_distance-工程\cal_distance\src\tools.cpp(404): warning C4018: “<”: 有符号/无符号不匹配
         main.cpp
     1>f:\adas算法\cal_distance-工程\cal_distance\opencv_include\opencv2\flann\result_set.h(306): warning C4003: “max”宏的实参不足
     1>f:\adas算法\cal_distance-工程\cal_distance\opencv_include\opencv2\flann\result_set.h(428): warning C4003: “max”宏的实参不足
     1>f:\adas算法\cal_distance-工程\cal_distance\opencv_include\opencv2\flann\lsh_index.h(203): warning C4003: “max”宏的实参不足
     1>f:\adas算法\cal_distance-工程\cal_distance\opencv_include\opencv2\flann\lsh_index.h(269): warning C4003: “max”宏的实参不足
     1>f:\adas算法\cal_distance-工程\cal_distance\src\main.cpp(33): warning C4305: “参数”: 从“double”到“float”截断
         ImgaeProcessResult.cpp
     1>f:\adas算法\cal_distance-工程\cal_distance\src\imgaeprocessresult.cpp(13): warning C4244: “初始化”: 从“double”转换到“float”，可能丢失数据
     1>f:\adas算法\cal_distance-工程\cal_distance\src\imgaeprocessresult.cpp(36): warning C4305: “参数”: 从“double”到“float”截断
     1>f:\adas算法\cal_distance-工程\cal_distance\src\imgaeprocessresult.cpp(59): warning C4018: “<”: 有符号/无符号不匹配
     1>f:\adas算法\cal_distance-工程\cal_distance\src\imgaeprocessresult.cpp(144): warning C4244: “初始化”: 从“double”转换到“int”，可能丢失数据
     1>f:\adas算法\cal_distance-工程\cal_distance\src\imgaeprocessresult.cpp(83): warning C4101: “just_thres_x”: 未引用的局部变量
         common.cpp
         CNEllipseDetector.cpp
         正在生成代码...
       Link:
         F:\Program Files (x86)\Microsoft Visual Studio 12.0\VC\bin\link.exe /ERRORREPORT:PROMPT /OUT:"F:\ADAS算法\cal_distance-工程\cal_distance\Debug\SingleCalibration.exe" /INCREMENTAL /NOLOGO /LIBPATH:../lib opencv_ml2410d.lib opencv_calib3d2410d.lib opencv_contrib2410d.lib opencv_core2410d.lib opencv_features2d2410d.lib opencv_flann2410d.lib opencv_gpu2410d.lib opencv_highgui2410d.lib opencv_imgproc2410d.lib opencv_legacy2410d.lib opencv_objdetect2410d.lib opencv_ts2410d.lib opencv_video2410d.lib opencv_nonfree2410d.lib opencv_ocl2410d.lib opencv_photo2410d.lib opencv_stitching2410d.lib opencv_superres2410d.lib opencv_videostab2410d.lib /MANIFEST /MANIFESTUAC:"level='asInvoker' uiAccess='false'" /manifest:embed /DEBUG /PDB:"F:\ADAS算法\cal_distance-工程\cal_distance\Debug\SingleCalibration.pdb" /TLBID:1 /DYNAMICBASE /NXCOMPAT /IMPLIB:"F:\ADAS算法\cal_distance-工程\cal_distance\Debug\SingleCalibration.lib" /MACHINE:X86 Debug\CNEllipseDetector.obj
         Debug\common.obj
         Debug\ImgaeProcessResult.obj
         Debug\main.obj
         Debug\tools.obj
         SingleCalibration.vcxproj -> F:\ADAS算法\cal_distance-工程\cal_distance\Debug\SingleCalibration.exe
     1>已完成生成项目“F:\ADAS算法\cal_distance-工程\cal_distance\SingleCalibration\SingleCalibration.vcxproj”(Build 个目标)的操作。

生成成功。

已用时间 00:00:06.14
